android/app/build/intermediates/manifest_merge_blame_file/debug/manifest-merger-blame-debug-report.txt
1<?xml version="1.0" encoding="utf-8"?>
2<manifest xmlns:android="http://schemas.android.com/apk/res/android"
3    package="com.example.phantom"
4    android:versionCode="1"
5    android:versionName="1.0.0" >
6
7    <uses-sdk
8        android:minSdkVersion="23"
9        android:targetSdkVersion="34" />
10    <!--
11         The INTERNET permission is required for development. Specifically,
12         the Flutter tool needs it to communicate with the running application
13         to allow setting breakpoints, to provide hot reload, etc.
14    -->
15    <uses-permission android:name="android.permission.INTERNET" />
15-->src\debug\AndroidManifest.xml:6:5-66
15-->src\debug\AndroidManifest.xml:6:22-64
16    <!--
17     Required to query activities that can process text, see:
18         https://developer.android.com/training/package-visibility and
19         https://developer.android.com/reference/android/content/Intent#ACTION_PROCESS_TEXT.
20
21         In particular, this is used by the Flutter engine in io.flutter.plugin.text.ProcessTextPlugin.
22    -->
23    <queries>
23-->src\main\AndroidManifest.xml:39:5-44:15
24        <intent>
24-->src\main\AndroidManifest.xml:40:9-43:18
25            <action android:name="android.intent.action.PROCESS_TEXT" />
25-->src\main\AndroidManifest.xml:41:13-72
25-->src\main\AndroidManifest.xml:41:21-70
26
27            <data android:mimeType="text/plain" />
27-->src\main\AndroidManifest.xml:42:13-50
27-->src\main\AndroidManifest.xml:42:19-48
28        </intent>
29        <intent>
29-->[:file_picker] AndroidManifest.xml:12:9-16:18
30            <action android:name="android.intent.action.GET_CONTENT" />
30-->[:file_picker] AndroidManifest.xml:13:13-72
30-->[:file_picker] AndroidManifest.xml:13:21-69
31
32            <data android:mimeType="*/*" />
32-->src\main\AndroidManifest.xml:42:13-50
32-->src\main\AndroidManifest.xml:42:19-48
33        </intent>
34        <intent>
34-->[com.pspdfkit:pspdfkit:2024.3.0] AndroidManifest.xml:29:9-33:18
35            <action android:name="android.intent.action.SEND" />
35-->[com.pspdfkit:pspdfkit:2024.3.0] AndroidManifest.xml:30:13-65
35-->[com.pspdfkit:pspdfkit:2024.3.0] AndroidManifest.xml:30:21-62
36
37            <data android:mimeType="application/pdf" />
37-->src\main\AndroidManifest.xml:42:13-50
37-->src\main\AndroidManifest.xml:42:19-48
38        </intent>
39        <intent>
39-->[com.pspdfkit:pspdfkit:2024.3.0] AndroidManifest.xml:34:9-38:18
40            <action android:name="android.intent.action.VIEW" />
40-->[com.pspdfkit:pspdfkit:2024.3.0] AndroidManifest.xml:35:13-65
40-->[com.pspdfkit:pspdfkit:2024.3.0] AndroidManifest.xml:35:21-62
41
42            <data android:mimeType="application/pdf" />
42-->src\main\AndroidManifest.xml:42:13-50
42-->src\main\AndroidManifest.xml:42:19-48
43        </intent>
44        <intent>
44-->[com.google.firebase:firebase-inappmessaging-display:21.0.0] AndroidManifest.xml:11:9-15:18
45            <action android:name="android.intent.action.VIEW" />
45-->[com.pspdfkit:pspdfkit:2024.3.0] AndroidManifest.xml:35:13-65
45-->[com.pspdfkit:pspdfkit:2024.3.0] AndroidManifest.xml:35:21-62
46
47            <data android:scheme="https" />
47-->src\main\AndroidManifest.xml:42:13-50
48        </intent>
49    </queries>
50
51    <uses-permission
51-->[:file_picker] AndroidManifest.xml:9:5-80
52        android:name="android.permission.READ_EXTERNAL_STORAGE"
52-->[:file_picker] AndroidManifest.xml:9:22-77
53        android:maxSdkVersion="32" />
53-->[com.pspdfkit:pspdfkit:2024.3.0] AndroidManifest.xml:26:9-35
54    <uses-permission android:name="android.permission.WAKE_LOCK" />
54-->[:firebase_messaging] AndroidManifest.xml:10:5-68
54-->[:firebase_messaging] AndroidManifest.xml:10:22-65
55    <uses-permission android:name="android.permission.ACCESS_NETWORK_STATE" /> <!-- Permissions options for the `notification` group -->
55-->[:firebase_messaging] AndroidManifest.xml:11:5-79
55-->[:firebase_messaging] AndroidManifest.xml:11:22-76
56    <uses-permission android:name="android.permission.POST_NOTIFICATIONS" />
56-->[:firebase_messaging] AndroidManifest.xml:13:5-77
56-->[:firebase_messaging] AndroidManifest.xml:13:22-74
57    <uses-permission android:name="android.permission.VIBRATE" />
57-->[:flutter_local_notifications] AndroidManifest.xml:9:5-66
57-->[:flutter_local_notifications] AndroidManifest.xml:9:22-63
58    <uses-permission
58-->[:pspdfkit_flutter] AndroidManifest.xml:18:5-81
59        android:name="android.permission.WRITE_EXTERNAL_STORAGE"
59-->[:pspdfkit_flutter] AndroidManifest.xml:18:22-78
60        android:maxSdkVersion="29" /> <!-- Required by older versions of Google Play services to create IID tokens -->
60-->[com.pspdfkit:pspdfkit:2024.3.0] AndroidManifest.xml:22:9-35
61    <uses-permission android:name="com.google.android.c2dm.permission.RECEIVE" />
61-->[com.google.firebase:firebase-messaging:24.0.0] AndroidManifest.xml:26:5-82
61-->[com.google.firebase:firebase-messaging:24.0.0] AndroidManifest.xml:26:22-79
62    <uses-permission android:name="com.google.android.providers.gsf.permission.READ_GSERVICES" />
62-->[com.google.android.recaptcha:recaptcha:18.4.0] AndroidManifest.xml:9:5-98
62-->[com.google.android.recaptcha:recaptcha:18.4.0] AndroidManifest.xml:9:22-95
63
64    <permission
64-->[androidx.core:core:1.12.0] AndroidManifest.xml:22:5-24:47
65        android:name="com.example.phantom.DYNAMIC_RECEIVER_NOT_EXPORTED_PERMISSION"
65-->[androidx.core:core:1.12.0] AndroidManifest.xml:23:9-81
66        android:protectionLevel="signature" />
66-->[androidx.core:core:1.12.0] AndroidManifest.xml:24:9-44
67
68    <uses-permission android:name="com.example.phantom.DYNAMIC_RECEIVER_NOT_EXPORTED_PERMISSION" />
68-->[androidx.core:core:1.12.0] AndroidManifest.xml:26:5-97
68-->[androidx.core:core:1.12.0] AndroidManifest.xml:26:22-94
69
70    <application
71        android:name="android.app.Application"
72        android:allowNativeHeapPointerTagging="false"
72-->[com.pspdfkit:pspdfkit:2024.3.0] AndroidManifest.xml:42:9-54
73        android:appComponentFactory="androidx.core.app.CoreComponentFactory"
73-->[androidx.core:core:1.12.0] AndroidManifest.xml:28:18-86
74        android:debuggable="true"
75        android:extractNativeLibs="false"
76        android:icon="@mipmap/ic_launcher"
77        android:label="phantom"
78        android:largeHeap="true"
78-->[:pspdfkit_flutter] AndroidManifest.xml:20:18-42
79        android:requestLegacyExternalStorage="true" >
79-->[com.pspdfkit:pspdfkit:2024.3.0] AndroidManifest.xml:44:9-52
80        <activity
81            android:name="com.example.phantom.MainActivity"
82            android:configChanges="orientation|keyboardHidden|keyboard|screenSize|smallestScreenSize|locale|layoutDirection|fontScale|screenLayout|density|uiMode"
83            android:exported="true"
84            android:hardwareAccelerated="true"
85            android:launchMode="singleTop"
86            android:taskAffinity=""
87            android:theme="@style/LaunchTheme"
88            android:windowSoftInputMode="adjustResize" >
89
90            <!--
91                 Specifies an Android theme to apply to this Activity as soon as
92                 the Android process has started. This theme is visible to the user
93                 while the Flutter UI initializes. After that, this theme continues
94                 to determine the Window background behind the Flutter UI.
95            -->
96            <meta-data
97                android:name="io.flutter.embedding.android.NormalTheme"
98                android:resource="@style/NormalTheme" />
99
100            <intent-filter>
101                <action android:name="android.intent.action.MAIN" />
102
103                <category android:name="android.intent.category.LAUNCHER" />
104            </intent-filter>
105        </activity>
106        <!--
107             Don't delete the meta-data below.
108             This is used by the Flutter tool to generate GeneratedPluginRegistrant.java
109        -->
110        <meta-data
111            android:name="flutterEmbedding"
112            android:value="2" />
113
114        <service
114-->[:cloud_firestore] AndroidManifest.xml:10:9-14:19
115            android:name="com.google.firebase.components.ComponentDiscoveryService"
115-->[:cloud_firestore] AndroidManifest.xml:10:18-89
116            android:directBootAware="true"
116-->[com.google.firebase:firebase-common:21.0.0] AndroidManifest.xml:32:13-43
117            android:exported="false" >
117-->[com.google.firebase:firebase-inappmessaging-display:21.0.0] AndroidManifest.xml:21:13-37
118            <meta-data
118-->[:cloud_firestore] AndroidManifest.xml:11:13-13:85
119                android:name="com.google.firebase.components:io.flutter.plugins.firebase.firestore.FlutterFirebaseFirestoreRegistrar"
119-->[:cloud_firestore] AndroidManifest.xml:12:17-134
120                android:value="com.google.firebase.components.ComponentRegistrar" />
120-->[:cloud_firestore] AndroidManifest.xml:13:17-82
121            <meta-data
121-->[:firebase_auth] AndroidManifest.xml:11:13-13:85
122                android:name="com.google.firebase.components:io.flutter.plugins.firebase.auth.FlutterFirebaseAuthRegistrar"
122-->[:firebase_auth] AndroidManifest.xml:12:17-124
123                android:value="com.google.firebase.components.ComponentRegistrar" />
123-->[:firebase_auth] AndroidManifest.xml:13:17-82
124            <meta-data
124-->[:firebase_in_app_messaging] AndroidManifest.xml:11:13-13:85
125                android:name="com.google.firebase.components:io.flutter.plugins.firebase.inappmessaging.FlutterFirebaseAppRegistrar"
125-->[:firebase_in_app_messaging] AndroidManifest.xml:12:17-133
126                android:value="com.google.firebase.components.ComponentRegistrar" />
126-->[:firebase_in_app_messaging] AndroidManifest.xml:13:17-82
127            <meta-data
127-->[:firebase_messaging] AndroidManifest.xml:38:13-40:85
128                android:name="com.google.firebase.components:io.flutter.plugins.firebase.messaging.FlutterFirebaseAppRegistrar"
128-->[:firebase_messaging] AndroidManifest.xml:39:17-128
129                android:value="com.google.firebase.components.ComponentRegistrar" />
129-->[:firebase_messaging] AndroidManifest.xml:40:17-82
130            <meta-data
130-->[:firebase_storage] AndroidManifest.xml:11:13-13:85
131                android:name="com.google.firebase.components:io.flutter.plugins.firebase.storage.FlutterFirebaseAppRegistrar"
131-->[:firebase_storage] AndroidManifest.xml:12:17-126
132                android:value="com.google.firebase.components.ComponentRegistrar" />
132-->[:firebase_storage] AndroidManifest.xml:13:17-82
133            <meta-data
133-->[:firebase_core] AndroidManifest.xml:11:13-13:85
134                android:name="com.google.firebase.components:io.flutter.plugins.firebase.core.FlutterFirebaseCoreRegistrar"
134-->[:firebase_core] AndroidManifest.xml:12:17-124
135                android:value="com.google.firebase.components.ComponentRegistrar" />
135-->[:firebase_core] AndroidManifest.xml:13:17-82
136            <meta-data
136-->[com.google.firebase:firebase-inappmessaging-display:21.0.0] AndroidManifest.xml:22:13-24:85
137                android:name="com.google.firebase.components:com.google.firebase.inappmessaging.display.FirebaseInAppMessagingDisplayKtxRegistrar"
137-->[com.google.firebase:firebase-inappmessaging-display:21.0.0] AndroidManifest.xml:23:17-147
138                android:value="com.google.firebase.components.ComponentRegistrar" />
138-->[com.google.firebase:firebase-inappmessaging-display:21.0.0] AndroidManifest.xml:24:17-82
139            <meta-data
139-->[com.google.firebase:firebase-inappmessaging-display:21.0.0] AndroidManifest.xml:25:13-27:85
140                android:name="com.google.firebase.components:com.google.firebase.inappmessaging.display.FirebaseInAppMessagingDisplayRegistrar"
140-->[com.google.firebase:firebase-inappmessaging-display:21.0.0] AndroidManifest.xml:26:17-144
141                android:value="com.google.firebase.components.ComponentRegistrar" />
141-->[com.google.firebase:firebase-inappmessaging-display:21.0.0] AndroidManifest.xml:27:17-82
142            <meta-data
142-->[com.google.firebase:firebase-auth:23.0.0] AndroidManifest.xml:69:13-71:85
143                android:name="com.google.firebase.components:com.google.firebase.auth.FirebaseAuthRegistrar"
143-->[com.google.firebase:firebase-auth:23.0.0] AndroidManifest.xml:70:17-109
144                android:value="com.google.firebase.components.ComponentRegistrar" />
144-->[com.google.firebase:firebase-auth:23.0.0] AndroidManifest.xml:71:17-82
145            <meta-data
145-->[com.google.firebase:firebase-firestore:25.0.0] AndroidManifest.xml:17:13-19:85
146                android:name="com.google.firebase.components:com.google.firebase.firestore.FirebaseFirestoreKtxRegistrar"
146-->[com.google.firebase:firebase-firestore:25.0.0] AndroidManifest.xml:18:17-122
147                android:value="com.google.firebase.components.ComponentRegistrar" />
147-->[com.google.firebase:firebase-firestore:25.0.0] AndroidManifest.xml:19:17-82
148            <meta-data
148-->[com.google.firebase:firebase-firestore:25.0.0] AndroidManifest.xml:20:13-22:85
149                android:name="com.google.firebase.components:com.google.firebase.firestore.FirestoreRegistrar"
149-->[com.google.firebase:firebase-firestore:25.0.0] AndroidManifest.xml:21:17-111
150                android:value="com.google.firebase.components.ComponentRegistrar" />
150-->[com.google.firebase:firebase-firestore:25.0.0] AndroidManifest.xml:22:17-82
151            <meta-data
151-->[com.google.firebase:firebase-messaging:24.0.0] AndroidManifest.xml:57:13-59:85
152                android:name="com.google.firebase.components:com.google.firebase.messaging.FirebaseMessagingKtxRegistrar"
152-->[com.google.firebase:firebase-messaging:24.0.0] AndroidManifest.xml:58:17-122
153                android:value="com.google.firebase.components.ComponentRegistrar" />
153-->[com.google.firebase:firebase-messaging:24.0.0] AndroidManifest.xml:59:17-82
154            <meta-data
154-->[com.google.firebase:firebase-messaging:24.0.0] AndroidManifest.xml:60:13-62:85
155                android:name="com.google.firebase.components:com.google.firebase.messaging.FirebaseMessagingRegistrar"
155-->[com.google.firebase:firebase-messaging:24.0.0] AndroidManifest.xml:61:17-119
156                android:value="com.google.firebase.components.ComponentRegistrar" />
156-->[com.google.firebase:firebase-messaging:24.0.0] AndroidManifest.xml:62:17-82
157            <meta-data
157-->[com.google.firebase:firebase-storage:21.0.0] AndroidManifest.xml:30:13-32:85
158                android:name="com.google.firebase.components:com.google.firebase.storage.FirebaseStorageKtxRegistrar"
158-->[com.google.firebase:firebase-storage:21.0.0] AndroidManifest.xml:31:17-118
159                android:value="com.google.firebase.components.ComponentRegistrar" />
159-->[com.google.firebase:firebase-storage:21.0.0] AndroidManifest.xml:32:17-82
160            <meta-data
160-->[com.google.firebase:firebase-storage:21.0.0] AndroidManifest.xml:33:13-35:85
161                android:name="com.google.firebase.components:com.google.firebase.storage.StorageRegistrar"
161-->[com.google.firebase:firebase-storage:21.0.0] AndroidManifest.xml:34:17-107
162                android:value="com.google.firebase.components.ComponentRegistrar" />
162-->[com.google.firebase:firebase-storage:21.0.0] AndroidManifest.xml:35:17-82
163            <meta-data
163-->[com.google.firebase:firebase-inappmessaging:21.0.0] AndroidManifest.xml:14:13-16:85
164                android:name="com.google.firebase.components:com.google.firebase.inappmessaging.FirebaseInAppMessagingKtxRegistrar"
164-->[com.google.firebase:firebase-inappmessaging:21.0.0] AndroidManifest.xml:15:17-132
165                android:value="com.google.firebase.components.ComponentRegistrar" />
165-->[com.google.firebase:firebase-inappmessaging:21.0.0] AndroidManifest.xml:16:17-82
166            <meta-data
166-->[com.google.firebase:firebase-inappmessaging:21.0.0] AndroidManifest.xml:17:13-19:85
167                android:name="com.google.firebase.components:com.google.firebase.inappmessaging.FirebaseInAppMessagingRegistrar"
167-->[com.google.firebase:firebase-inappmessaging:21.0.0] AndroidManifest.xml:18:17-129
168                android:value="com.google.firebase.components.ComponentRegistrar" />
168-->[com.google.firebase:firebase-inappmessaging:21.0.0] AndroidManifest.xml:19:17-82
169            <meta-data
169-->[com.google.firebase:firebase-installations:18.0.0] AndroidManifest.xml:15:13-17:85
170                android:name="com.google.firebase.components:com.google.firebase.installations.FirebaseInstallationsKtxRegistrar"
170-->[com.google.firebase:firebase-installations:18.0.0] AndroidManifest.xml:16:17-130
171                android:value="com.google.firebase.components.ComponentRegistrar" />
171-->[com.google.firebase:firebase-installations:18.0.0] AndroidManifest.xml:17:17-82
172            <meta-data
172-->[com.google.firebase:firebase-installations:18.0.0] AndroidManifest.xml:18:13-20:85
173                android:name="com.google.firebase.components:com.google.firebase.installations.FirebaseInstallationsRegistrar"
173-->[com.google.firebase:firebase-installations:18.0.0] AndroidManifest.xml:19:17-127
174                android:value="com.google.firebase.components.ComponentRegistrar" />
174-->[com.google.firebase:firebase-installations:18.0.0] AndroidManifest.xml:20:17-82
175            <meta-data
175-->[com.google.firebase:firebase-appcheck:18.0.0] AndroidManifest.xml:25:13-27:85
176                android:name="com.google.firebase.components:com.google.firebase.appcheck.FirebaseAppCheckKtxRegistrar"
176-->[com.google.firebase:firebase-appcheck:18.0.0] AndroidManifest.xml:26:17-120
177                android:value="com.google.firebase.components.ComponentRegistrar" />
177-->[com.google.firebase:firebase-appcheck:18.0.0] AndroidManifest.xml:27:17-82
178            <meta-data
178-->[com.google.firebase:firebase-appcheck:18.0.0] AndroidManifest.xml:28:13-30:85
179                android:name="com.google.firebase.components:com.google.firebase.appcheck.FirebaseAppCheckRegistrar"
179-->[com.google.firebase:firebase-appcheck:18.0.0] AndroidManifest.xml:29:17-117
180                android:value="com.google.firebase.components.ComponentRegistrar" />
180-->[com.google.firebase:firebase-appcheck:18.0.0] AndroidManifest.xml:30:17-82
181            <meta-data
181-->[com.google.firebase:firebase-common-ktx:21.0.0] AndroidManifest.xml:12:13-14:85
182                android:name="com.google.firebase.components:com.google.firebase.ktx.FirebaseCommonLegacyRegistrar"
182-->[com.google.firebase:firebase-common-ktx:21.0.0] AndroidManifest.xml:13:17-116
183                android:value="com.google.firebase.components.ComponentRegistrar" />
183-->[com.google.firebase:firebase-common-ktx:21.0.0] AndroidManifest.xml:14:17-82
184            <meta-data
184-->[com.google.firebase:firebase-common:21.0.0] AndroidManifest.xml:35:13-37:85
185                android:name="com.google.firebase.components:com.google.firebase.FirebaseCommonKtxRegistrar"
185-->[com.google.firebase:firebase-common:21.0.0] AndroidManifest.xml:36:17-109
186                android:value="com.google.firebase.components.ComponentRegistrar" />
186-->[com.google.firebase:firebase-common:21.0.0] AndroidManifest.xml:37:17-82
187            <meta-data
187-->[com.google.firebase:firebase-abt:21.1.1] AndroidManifest.xml:12:13-14:85
188                android:name="com.google.firebase.components:com.google.firebase.abt.component.AbtRegistrar"
188-->[com.google.firebase:firebase-abt:21.1.1] AndroidManifest.xml:13:17-109
189                android:value="com.google.firebase.components.ComponentRegistrar" />
189-->[com.google.firebase:firebase-abt:21.1.1] AndroidManifest.xml:14:17-82
190            <meta-data
190-->[com.google.firebase:firebase-datatransport:18.2.0] AndroidManifest.xml:25:13-27:85
191                android:name="com.google.firebase.components:com.google.firebase.datatransport.TransportRegistrar"
191-->[com.google.firebase:firebase-datatransport:18.2.0] AndroidManifest.xml:26:17-115
192                android:value="com.google.firebase.components.ComponentRegistrar" />
192-->[com.google.firebase:firebase-datatransport:18.2.0] AndroidManifest.xml:27:17-82
193        </service>
194        <service
194-->[:firebase_messaging] AndroidManifest.xml:16:9-19:72
195            android:name="io.flutter.plugins.firebase.messaging.FlutterFirebaseMessagingBackgroundService"
195-->[:firebase_messaging] AndroidManifest.xml:17:13-107
196            android:exported="false"
196-->[:firebase_messaging] AndroidManifest.xml:18:13-37
197            android:permission="android.permission.BIND_JOB_SERVICE" />
197-->[:firebase_messaging] AndroidManifest.xml:19:13-69
198        <service
198-->[:firebase_messaging] AndroidManifest.xml:20:9-26:19
199            android:name="io.flutter.plugins.firebase.messaging.FlutterFirebaseMessagingService"
199-->[:firebase_messaging] AndroidManifest.xml:21:13-97
200            android:exported="false" >
200-->[:firebase_messaging] AndroidManifest.xml:22:13-37
201            <intent-filter>
201-->[:firebase_messaging] AndroidManifest.xml:23:13-25:29
202                <action android:name="com.google.firebase.MESSAGING_EVENT" />
202-->[:firebase_messaging] AndroidManifest.xml:24:17-78
202-->[:firebase_messaging] AndroidManifest.xml:24:25-75
203            </intent-filter>
204        </service>
205
206        <receiver
206-->[:firebase_messaging] AndroidManifest.xml:28:9-35:20
207            android:name="io.flutter.plugins.firebase.messaging.FlutterFirebaseMessagingReceiver"
207-->[:firebase_messaging] AndroidManifest.xml:29:13-98
208            android:exported="true"
208-->[:firebase_messaging] AndroidManifest.xml:30:13-36
209            android:permission="com.google.android.c2dm.permission.SEND" >
209-->[:firebase_messaging] AndroidManifest.xml:31:13-73
210            <intent-filter>
210-->[:firebase_messaging] AndroidManifest.xml:32:13-34:29
211                <action android:name="com.google.android.c2dm.intent.RECEIVE" />
211-->[:firebase_messaging] AndroidManifest.xml:33:17-81
211-->[:firebase_messaging] AndroidManifest.xml:33:25-78
212            </intent-filter>
213        </receiver>
214
215        <provider
215-->[:firebase_messaging] AndroidManifest.xml:43:9-47:38
216            android:name="io.flutter.plugins.firebase.messaging.FlutterFirebaseMessagingInitProvider"
216-->[:firebase_messaging] AndroidManifest.xml:44:13-102
217            android:authorities="com.example.phantom.flutterfirebasemessaginginitprovider"
217-->[:firebase_messaging] AndroidManifest.xml:45:13-88
218            android:exported="false"
218-->[:firebase_messaging] AndroidManifest.xml:46:13-37
219            android:initOrder="99" />
219-->[:firebase_messaging] AndroidManifest.xml:47:13-35
220        <provider
220-->[:image_picker_android] AndroidManifest.xml:11:9-19:20
221            android:name="io.flutter.plugins.imagepicker.ImagePickerFileProvider"
221-->[:image_picker_android] AndroidManifest.xml:12:13-82
222            android:authorities="com.example.phantom.flutter.image_provider"
222-->[:image_picker_android] AndroidManifest.xml:13:13-74
223            android:exported="false"
223-->[:image_picker_android] AndroidManifest.xml:14:13-37
224            android:grantUriPermissions="true" >
224-->[:image_picker_android] AndroidManifest.xml:15:13-47
225            <meta-data
225-->[:image_picker_android] AndroidManifest.xml:16:13-18:75
226                android:name="android.support.FILE_PROVIDER_PATHS"
226-->[:image_picker_android] AndroidManifest.xml:17:17-67
227                android:resource="@xml/flutter_image_picker_file_paths" />
227-->[:image_picker_android] AndroidManifest.xml:18:17-72
228        </provider> <!-- Trigger Google Play services to install the backported photo picker module. -->
229        <service
229-->[:image_picker_android] AndroidManifest.xml:21:9-33:19
230            android:name="com.google.android.gms.metadata.ModuleDependencies"
230-->[:image_picker_android] AndroidManifest.xml:22:13-78
231            android:enabled="false"
231-->[:image_picker_android] AndroidManifest.xml:23:13-36
232            android:exported="false" >
232-->[:image_picker_android] AndroidManifest.xml:24:13-37
233            <intent-filter>
233-->[:image_picker_android] AndroidManifest.xml:26:13-28:29
234                <action android:name="com.google.android.gms.metadata.MODULE_DEPENDENCIES" />
234-->[:image_picker_android] AndroidManifest.xml:27:17-94
234-->[:image_picker_android] AndroidManifest.xml:27:25-91
235            </intent-filter>
236
237            <meta-data
237-->[:image_picker_android] AndroidManifest.xml:30:13-32:36
238                android:name="photopicker_activity:0:required"
238-->[:image_picker_android] AndroidManifest.xml:31:17-63
239                android:value="" />
239-->[:image_picker_android] AndroidManifest.xml:32:17-33
240        </service>
241
242        <activity
242-->[:pspdfkit_flutter] AndroidManifest.xml:21:9-23:59
243            android:name="com.pspdfkit.flutter.pspdfkit.FlutterPdfActivity"
243-->[:pspdfkit_flutter] AndroidManifest.xml:22:13-76
244            android:windowSoftInputMode="adjustNothing" />
244-->[:pspdfkit_flutter] AndroidManifest.xml:23:13-56
245
246        <meta-data
246-->[:pspdfkit_flutter] AndroidManifest.xml:25:9-27:37
247            android:name="pspdfkit_automatic_initialize"
247-->[:pspdfkit_flutter] AndroidManifest.xml:26:13-57
248            android:value="false" />
248-->[:pspdfkit_flutter] AndroidManifest.xml:27:13-34
249
250        <activity
250-->[:url_launcher_android] AndroidManifest.xml:10:9-13:74
251            android:name="io.flutter.plugins.urllauncher.WebViewActivity"
251-->[:url_launcher_android] AndroidManifest.xml:11:13-74
252            android:exported="false"
252-->[:url_launcher_android] AndroidManifest.xml:12:13-37
253            android:theme="@android:style/Theme.NoTitleBar.Fullscreen" /> <!-- Printing pdf documents -->
253-->[:url_launcher_android] AndroidManifest.xml:13:13-71
254        <activity
254-->[com.pspdfkit:pspdfkit:2024.3.0] AndroidManifest.xml:48:9-52:40
255            android:name="com.pspdfkit.document.printing.PrintActivity"
255-->[com.pspdfkit:pspdfkit:2024.3.0] AndroidManifest.xml:49:13-72
256            android:configChanges="orientation|screenSize"
256-->[com.pspdfkit:pspdfkit:2024.3.0] AndroidManifest.xml:50:13-59
257            android:excludeFromRecents="true"
257-->[com.pspdfkit:pspdfkit:2024.3.0] AndroidManifest.xml:51:13-46
258            android:exported="false" /> <!-- Content provider used for initializing the library. -->
258-->[com.pspdfkit:pspdfkit:2024.3.0] AndroidManifest.xml:52:13-37
259        <provider
259-->[com.pspdfkit:pspdfkit:2024.3.0] AndroidManifest.xml:55:9-58:40
260            android:name="com.pspdfkit.initialization.InitializationProvider"
260-->[com.pspdfkit:pspdfkit:2024.3.0] AndroidManifest.xml:56:13-78
261            android:authorities="com.example.phantom.com.pspdfkit.initialization.InitializationProvider"
261-->[com.pspdfkit:pspdfkit:2024.3.0] AndroidManifest.xml:57:13-102
262            android:exported="false" />
262-->[com.pspdfkit:pspdfkit:2024.3.0] AndroidManifest.xml:58:13-37
263        <provider
263-->[com.pspdfkit:pspdfkit:2024.3.0] AndroidManifest.xml:59:9-62:40
264            android:name="com.pspdfkit.media.AssetsContentProvider"
264-->[com.pspdfkit:pspdfkit:2024.3.0] AndroidManifest.xml:60:13-68
265            android:authorities="com.example.phantom.pdf.assets"
265-->[com.pspdfkit:pspdfkit:2024.3.0] AndroidManifest.xml:61:13-62
266            android:exported="false" />
266-->[com.pspdfkit:pspdfkit:2024.3.0] AndroidManifest.xml:62:13-37
267        <provider
267-->[com.pspdfkit:pspdfkit:2024.3.0] AndroidManifest.xml:63:9-71:20
268            android:name="com.pspdfkit.document.sharing.DocumentSharingProvider"
268-->[com.pspdfkit:pspdfkit:2024.3.0] AndroidManifest.xml:64:13-81
269            android:authorities="com.example.phantom.pdf.share"
269-->[com.pspdfkit:pspdfkit:2024.3.0] AndroidManifest.xml:65:13-61
270            android:exported="false"
270-->[com.pspdfkit:pspdfkit:2024.3.0] AndroidManifest.xml:66:13-37
271            android:grantUriPermissions="true" >
271-->[com.pspdfkit:pspdfkit:2024.3.0] AndroidManifest.xml:67:13-47
272            <meta-data
272-->[:image_picker_android] AndroidManifest.xml:16:13-18:75
273                android:name="android.support.FILE_PROVIDER_PATHS"
273-->[:image_picker_android] AndroidManifest.xml:17:17-67
274                android:resource="@xml/pspdf_file_provider_paths" />
274-->[:image_picker_android] AndroidManifest.xml:18:17-72
275        </provider>
276
277        <activity
277-->[com.google.firebase:firebase-auth:23.0.0] AndroidManifest.xml:29:9-46:20
278            android:name="com.google.firebase.auth.internal.GenericIdpActivity"
278-->[com.google.firebase:firebase-auth:23.0.0] AndroidManifest.xml:30:13-80
279            android:excludeFromRecents="true"
279-->[com.google.firebase:firebase-auth:23.0.0] AndroidManifest.xml:31:13-46
280            android:exported="true"
280-->[com.google.firebase:firebase-auth:23.0.0] AndroidManifest.xml:32:13-36
281            android:launchMode="singleTask"
281-->[com.google.firebase:firebase-auth:23.0.0] AndroidManifest.xml:33:13-44
282            android:theme="@android:style/Theme.Translucent.NoTitleBar" >
282-->[com.google.firebase:firebase-auth:23.0.0] AndroidManifest.xml:34:13-72
283            <intent-filter>
283-->[com.google.firebase:firebase-auth:23.0.0] AndroidManifest.xml:35:13-45:29
284                <action android:name="android.intent.action.VIEW" />